<?xml version="1.0" encoding="UTF-8"?>
<beans xmlns="http://www.springframework.org/schema/beans"
       xmlns:context="http://www.springframework.org/schema/context"
       xmlns:xsi="http://www.w3.org/2001/XMLSchema-instance" xmlns:mybatis="http://mybatis.org/schema/mybatis-spring"
       xsi:schemaLocation="http://www.springframework.org/schema/beans
       http://www.springframework.org/schema/beans/spring-beans.xsd
               http://www.springframework.org/schema/context
               http://www.springframework.org/schema/context/spring-context.xsd http://mybatis.org/schema/mybatis-spring http://mybatis.org/schema/mybatis-spring.xsd">

    <context:component-scan base-package="com.pb.task.manager"/>
    <context:annotation-config/>
    <context:property-placeholder location="classpath:/test.db.properties"/>

    <import resource="test-dataSource.xml"/>
    <import resource="test-activiti-context.xml"/>

    <bean id="activitiService" class="com.pb.task.manager.service.ActivitiService"/>
    <bean id="encoder" class="org.springframework.security.crypto.bcrypt.BCryptPasswordEncoder"/>

</beans>